{"type":"operationStart","subtype":"profile","data":{"_id":"eYvYdOPwsJ7g4BtY","timestamp":"2026-04-12T07:48:33.314Z","state":"queued","mode":"standard","creationDate":"2026-04-12T07:48:33.315Z","modificationDate":"2026-04-12T07:48:33.315Z","shortid":"ptSo_M7","inheritedReadPermissions":[],"inheritedEditPermissions":[],"$entitySet":"profiles"},"doDiffs":false,"timestamp":1775980113315,"id":"k7gb6niyk4qpywa","previousOperationId":null,"operationId":"i6z583fh8eltgbz"}
{"type":"log","level":"info","message":"Render request 1 queued for execution and waiting for available worker","previousOperationId":"i6z583fh8eltgbz","timestamp":1775980113315,"id":"nmc20fk8uof3xkq"}
{"type":"operationStart","subtype":"render","name":"anonymous","previousOperationId":"i6z583fh8eltgbz","timestamp":1775980113324,"id":"qtjclnb4tgouwat","previousEventId":"k7gb6niyk4qpywa","operationId":"i03boteruw1z62n"}
{"type":"log","timestamp":1775980113324,"level":"info","message":"Starting rendering request 1 (user: admin)","meta":{"rootId":"tukois0zkbx7mfy","id":"tukois0zkbx7mfy"},"id":"7oxx1jv7ahzw6iw","previousOperationId":"i03boteruw1z62n"}
{"type":"log","timestamp":1775980113324,"level":"info","message":"Rendering anonymous template { recipe: chrome-pdf, engine: none }","meta":{"rootId":"tukois0zkbx7mfy","id":"tukois0zkbx7mfy"},"id":"cpr3k2uyf9u7uhj","previousOperationId":"i03boteruw1z62n"}
{"type":"log","timestamp":1775980113324,"level":"debug","message":"Data item not defined for this template.","meta":{"rootId":"tukois0zkbx7mfy","id":"tukois0zkbx7mfy"},"id":"etgfqkxr7pbz4md","previousOperationId":"i03boteruw1z62n"}
{"type":"log","timestamp":1775980113325,"level":"debug","message":"Base url not specified, skipping its injection.","meta":{"rootId":"tukois0zkbx7mfy","id":"tukois0zkbx7mfy"},"id":"mzb34gcffimaeni","previousOperationId":"i03boteruw1z62n"}
{"type":"operationStart","subtype":"engine","name":"none","timestamp":1775980113325,"id":"pw0zo65w8qaw7ii","previousEventId":"qtjclnb4tgouwat","operationId":"riv8vy0latskb0n","previousOperationId":"i03boteruw1z62n"}
{"type":"log","timestamp":1775980113325,"level":"debug","message":"Rendering engine none","meta":{"rootId":"tukois0zkbx7mfy","id":"tukois0zkbx7mfy"},"id":"skgwqh2zjeouis4","previousOperationId":"riv8vy0latskb0n"}
{"type":"operationEnd","operationId":"riv8vy0latskb0n","timestamp":1775980113492,"id":"z8aj2f136nhhkd5","previousEventId":"pw0zo65w8qaw7ii","previousOperationId":"riv8vy0latskb0n"}
{"type":"operationStart","subtype":"recipe","name":"chrome-pdf","timestamp":1775980113493,"id":"4r8ytw2z6zby0t6","previousEventId":"z8aj2f136nhhkd5","operationId":"ktfbfmgaqwkbyl7","previousOperationId":"riv8vy0latskb0n"}
{"type":"log","timestamp":1775980113493,"level":"debug","message":"Executing recipe chrome-pdf","meta":{"rootId":"tukois0zkbx7mfy","id":"tukois0zkbx7mfy"},"id":"3kmfq27yvop4t65","previousOperationId":"ktfbfmgaqwkbyl7"}
{"type":"log","timestamp":1775980115103,"level":"debug","message":"Converting with chrome Chrome/147.0.7727.55 using dedicated-process strategy","meta":{"rootId":"tukois0zkbx7mfy","id":"tukois0zkbx7mfy"},"id":"230r1wp1u2yimbx","previousOperationId":"ktfbfmgaqwkbyl7"}
{"type":"log","timestamp":1775980115710,"level":"debug","message":"Page request: GET (document) file:///var/folders/96/209bkmy91y5gl7897d5zdfdr0000gn/T/jsreport/autocleanup/7eefb652-567a-4ca2-a965-8151a30bee5f-chrome-pdf.html","meta":{"rootId":"tukois0zkbx7mfy","id":"tukois0zkbx7mfy"},"id":"r97ozb86df0894l","previousOperationId":"ktfbfmgaqwkbyl7"}
{"type":"log","timestamp":1775980115718,"level":"debug","message":"Page request finished: GET (document) 200 file:///var/folders/96/209bkmy91y5gl7897d5zdfdr0000gn/T/jsreport/autocleanup/7eefb652-567a-4ca2-a965-8151a30bee5f-chrome-pdf.html","meta":{"rootId":"tukois0zkbx7mfy","id":"tukois0zkbx7mfy"},"id":"s4wuo89sictzyo3","previousOperationId":"ktfbfmgaqwkbyl7"}
{"type":"log","timestamp":1775980115724,"level":"debug","message":"Running chrome with params {\"printBackground\":true,\"format\":\"A4\",\"timeout\":59817,\"margin\":{}}","meta":{"rootId":"tukois0zkbx7mfy","id":"tukois0zkbx7mfy"},"id":"zbf2extlpno3twf","previousOperationId":"ktfbfmgaqwkbyl7"}
{"type":"operationEnd","operationId":"ktfbfmgaqwkbyl7","timestamp":1775980115855,"id":"clb1thz4hg7t8n0","previousEventId":"4r8ytw2z6zby0t6","previousOperationId":"ktfbfmgaqwkbyl7"}
{"type":"log","timestamp":1775980115856,"level":"debug","message":"Skipping storing report.","meta":{"rootId":"tukois0zkbx7mfy","id":"tukois0zkbx7mfy"},"id":"f8w9bx67wuo1u9e","previousOperationId":"ktfbfmgaqwkbyl7"}
{"type":"log","timestamp":1775980115856,"level":"info","message":"Rendering request 1 finished in 2542 ms","meta":{"rootId":"tukois0zkbx7mfy","id":"tukois0zkbx7mfy"},"id":"b9wbg61myjyjryr","previousOperationId":"ktfbfmgaqwkbyl7"}
{"type":"operationEnd","subtype":"render","operationId":"i03boteruw1z62n","timestamp":1775980115856,"id":"h2dxnis3tebypdf","previousEventId":"clb1thz4hg7t8n0","previousOperationId":"ktfbfmgaqwkbyl7"}
{"type":"operationEnd","doDiffs":false,"previousEventId":"k7gb6niyk4qpywa","previousOperationId":"i6z583fh8eltgbz","operationId":"i6z583fh8eltgbz","timestamp":1775980115857,"id":"mmg8aa90jxuzrdm"}
